#
# A fatal error has been detected by the Java Runtime Environment:
#
#  SIGSEGV (0xb) at pc=0x00007fff8e1c5097, pid=50132, tid=3335
#
# JRE version: Java(TM) SE Runtime Environment (8.0_11-b12) (build 1.8.0_11-b12)
# Java VM: Java HotSpot(TM) 64-Bit Server VM (25.11-b03 mixed mode bsd-amd64 compressed oops)
# Problematic frame:
# C  [libobjc.A.dylib+0x5097]  objc_msgSend+0x17
#
# Failed to write core dump. Core dumps have been disabled. To enable core dumping, try "ulimit -c unlimited" before starting Java again
#
# If you would like to submit a bug report, please visit:
#   http://bugreport.sun.com/bugreport/crash.jsp
# The crash happened outside the Java Virtual Machine in native code.
# See problematic frame for where to report the bug.
#

---------------  T H R E A D  ---------------

Current thread (0x00007fc5150aa000):  JavaThread "AppKit Thread" daemon [_thread_in_native, id=3335, stack(0x00007fff52e03000,0x00007fff53603000)]

siginfo:si_signo=SIGSEGV: si_errno=0, si_code=0 (SEGV0), si_addr=0x0000000000000000

Registers:
RAX=0x00007fc513c73e50, RBX=0x00000000000f42ee, RCX=0x0000000000000000, RDX=0x00007fc513f82610
RSP=0x00007fff535fe608, RBP=0x00007fff535fe610, RSI=0x00007fff909d2b9f, RDI=0x00007fc513c73e50
R8 =0x0000000000000040, R9 =0x00007fff535fe500, R10=0x00007fff909d2b9f, R11=0x600007fc513c7468
R12=0x00000000000f42ee, R13=0x00007fff535fe7d8, R14=0x00007fc513c46280, R15=0x00007fff535fe738
RIP=0x00007fff8e1c5097, EFLAGS=0x0000000000010246, ERR=0x0000000000000000
  TRAPNO=0x000000000000000d

Top of Stack: (sp=0x00007fff535fe608)
0x00007fff535fe608:   00007fff8c8e3e0c 00007fff535fe970
0x00007fff535fe618:   00007fff8c7d782d 00007fff773cdd90
0x00007fff535fe628:   00007fff92327333 00007fff535fe660
0x00007fff535fe638:   00007fff8e1dda02 0000000000000798
0x00007fff535fe648:   00000000000f42f0 0000000000000002
0x00007fff535fe658:   00007fc513d24f90 00007fc513d322c0
0x00007fff535fe668:   00007fc513e122e0 00007fc513f82610
0x00007fff535fe678:   00007fff535fe730 0000000000000000
0x00007fff535fe688:   00000000000f42ee 0000000000000051
0x00007fff535fe698:   00007fff535fe7b0 0000000000000000
0x00007fff535fe6a8:   0000000000000001 00007fc513e122d0
0x00007fff535fe6b8:   000000000000004f 000000000083cab4
0x00007fff535fe6c8:   0000010000000000 00007fff763a1a60
0x00007fff535fe6d8:   0000206000a8e6ea 00007fff535fe830
0x00007fff535fe6e8:   0000000000000000 00007fff535fe7c8
0x00007fff535fe6f8:   00007fff535fe7a8 00007fff763a1a48
0x00007fff535fe708:   0000000000000000 000000000000000b
0x00007fff535fe718:   00007fff87a8e6ea 00007fff7829cd38
0x00007fff535fe728:   0000000000000000 00007fc513d24fd0
0x00007fff535fe738:   00007fc513c46280 00007fff89a71b08
0x00007fff535fe748:   0000000000000000 00007fff535fe810
0x00007fff535fe758:   00007fff86885dde 00007fff76aa10d0
0x00007fff535fe768:   0000000042000000 00007fff8688e1d1
0x00007fff535fe778:   00007fff7637db40 00007fff535fe878
0x00007fff535fe788:   00007fff535fe7a8 00007fff535fe7c8
0x00007fff535fe798:   0000000000000000 000000010c616001
0x00007fff535fe7a8:   0000000000000000 000000000000004d
0x00007fff535fe7b8:   0000000000000000 00000000000f42e1
0x00007fff535fe7c8:   000000000000004f 0000000000000000
0x00007fff535fe7d8:   00000000000f42ee 00000001535fe880
0x00007fff535fe7e8:   00007fff87a8f261 00007fff773cc748
0x00007fff535fe7f8:   00007fff773cc74c 00000000773c81b8 

Instructions: (pc=0x00007fff8e1c5097)
0x00007fff8e1c5077:   90 90 90 90 90 90 90 90 90 48 85 ff 2e 74 72 40
0x00007fff8e1c5087:   f6 c7 01 2e 0f 85 7e 00 00 00 4c 8b 1f 49 89 f2
0x00007fff8e1c5097:   45 23 53 18 49 c1 e2 04 4d 03 53 10 49 3b 32 75
0x00007fff8e1c50a7:   04 41 ff 62 08 49 83 3a 00 74 74 4d 3b 53 10 74 

Register to memory mapping:

RAX=0x00007fc513c73e50 is an unknown value
RBX=0x00000000000f42ee is an unknown value
RCX=0x0000000000000000 is an unknown value
RDX=0x00007fc513f82610 is an unknown value
RSP=0x00007fff535fe608 is pointing into the stack for thread: 0x00007fc5150aa000
RBP=0x00007fff535fe610 is pointing into the stack for thread: 0x00007fc5150aa000
RSI=0x00007fff909d2b9f: NSAppKitVersionNumber+0x5358f in /System/Library/Frameworks/AppKit.framework/Versions/C/AppKit at 0x00007fff8ff2f000
RDI=0x00007fc513c73e50 is an unknown value
R8 =0x0000000000000040 is an unknown value
R9 =0x00007fff535fe500 is pointing into the stack for thread: 0x00007fc5150aa000
R10=0x00007fff909d2b9f: NSAppKitVersionNumber+0x5358f in /System/Library/Frameworks/AppKit.framework/Versions/C/AppKit at 0x00007fff8ff2f000
R11=0x600007fc513c7468 is an unknown value
R12=0x00000000000f42ee is an unknown value
R13=0x00007fff535fe7d8 is pointing into the stack for thread: 0x00007fc5150aa000
R14=0x00007fc513c46280 is an unknown value
R15=0x00007fff535fe738 is pointing into the stack for thread: 0x00007fc5150aa000


Stack: [0x00007fff52e03000,0x00007fff53603000],  sp=0x00007fff535fe608,  free space=8173k
Native frames: (J=compiled Java code, j=interpreted, Vv=VM code, C=native code)
C  [libobjc.A.dylib+0x5097]  objc_msgSend+0x17
C  [CoreFoundation+0x1082d]  _CFXNotificationPost+0xb4d
C  [Foundation+0x2dda]  -[NSNotificationCenter postNotificationName:object:userInfo:]+0x44
C  [AppKit+0x10f5a9]  -[NSSurface _disposeSurface]+0x98
C  [AppKit+0x10f045]  -[NSSurface setWindow:]+0x46
C  [AppKit+0x3af27]  -[NSView _setWindow:]+0x8ea
C  [AppKit+0x3bf7a]  -[NSView removeFromSuperview]+0x15e
C  [AppKit+0x986e9]  -[NSView removeFromSuperviewWithoutNeedingDisplay]+0x26
C  [liblwjgl.dylib+0xa205]  +[MacOSXKeyableWindow destroyWindow]+0xb5
C  [Foundation+0x6375e]  __NSThreadPerformPerform+0xe5
C  [CoreFoundation+0x7f5b1]  __CFRUNLOOP_IS_CALLING_OUT_TO_A_SOURCE0_PERFORM_FUNCTION__+0x11
C  [CoreFoundation+0x70c62]  __CFRunLoopDoSources0+0xf2
C  [CoreFoundation+0x703ef]  __CFRunLoopRun+0x33f
C  [CoreFoundation+0x6fe75]  CFRunLoopRunSpecific+0x135
C  [HIToolbox+0x2ea0d]  RunCurrentEventLoopInMode+0xe2
C  [HIToolbox+0x2e7b7]  ReceiveNextEventCommon+0x1df
C  [HIToolbox+0x2e5bc]  _BlockUntilNextEventMatchingListInModeWithFilter+0x41
C  [AppKit+0x2424e]  _DPSNextEvent+0x59a
C  [AppKit+0x2389b]  -[NSApplication nextEventMatchingMask:untilDate:inMode:dequeue:]+0x7a
C  [libosxapp.dylib+0x242a]  -[NSApplicationAWT nextEventMatchingMask:untilDate:inMode:dequeue:]+0x7c
C  [AppKit+0x1799c]  -[NSApplication run]+0x229
C  [libosxapp.dylib+0x223e]  +[NSApplicationAWT runAWTLoopWithApp:]+0x9c
C  [libawt_lwawt.dylib+0x439bb]  -[AWTStarter starter:]+0x389
C  [Foundation+0x6375e]  __NSThreadPerformPerform+0xe5
C  [CoreFoundation+0x7f5b1]  __CFRUNLOOP_IS_CALLING_OUT_TO_A_SOURCE0_PERFORM_FUNCTION__+0x11
C  [CoreFoundation+0x70c62]  __CFRunLoopDoSources0+0xf2
C  [CoreFoundation+0x703ef]  __CFRunLoopRun+0x33f
C  [CoreFoundation+0x6fe75]  CFRunLoopRunSpecific+0x135
C  [java+0x56cb]  CreateExecutionEnvironment+0x367
C  [java+0x166c]  JLI_Launch+0x7a0
C  [java+0x7689]  main+0x65
C  [java+0xec4]  start+0x34


---------------  P R O C E S S  ---------------

Java Threads: ( => current thread )
  0x00007fc514839800 JavaThread "AWT-Shutdown" [_thread_blocked, id=28703, stack(0x0000000123fec000,0x00000001240ec000)]
=>0x00007fc5150aa000 JavaThread "AppKit Thread" daemon [_thread_in_native, id=3335, stack(0x00007fff52e03000,0x00007fff53603000)]
  0x00007fc515801000 JavaThread "Service Thread" daemon [_thread_blocked, id=19715, stack(0x0000000124500000,0x0000000124600000)]
  0x00007fc51406a800 JavaThread "C1 CompilerThread2" daemon [_thread_blocked, id=19203, stack(0x00000001243fd000,0x00000001244fd000)]
  0x00007fc51406a000 JavaThread "C2 CompilerThread1" daemon [_thread_blocked, id=18691, stack(0x00000001242fa000,0x00000001243fa000)]
  0x00007fc514068000 JavaThread "C2 CompilerThread0" daemon [_thread_blocked, id=18179, stack(0x00000001241f7000,0x00000001242f7000)]
  0x00007fc514040000 JavaThread "Signal Dispatcher" daemon [_thread_blocked, id=17667, stack(0x00000001240f4000,0x00000001241f4000)]
  0x00007fc51405e800 JavaThread "Finalizer" daemon [_thread_blocked, id=12547, stack(0x0000000123ea6000,0x0000000123fa6000)]
  0x00007fc515809800 JavaThread "Reference Handler" daemon [_thread_blocked, id=12035, stack(0x0000000123da3000,0x0000000123ea3000)]
  0x00007fc514005000 JavaThread "main" [_thread_in_native, id=6403, stack(0x000000010dec2000,0x000000010dfc2000)]

Other Threads:
  0x00007fc51405d800 VMThread [stack: 0x0000000123ca0000,0x0000000123da0000] [id=11523]
  0x00007fc515000000 WatcherThread [stack: 0x0000000124603000,0x0000000124703000] [id=20227]

VM state:not at safepoint (normal execution)

VM Mutex/Monitor currently owned by a thread: None

Heap:
 PSYoungGen      total 9728K, used 4486K [0x0000000795580000, 0x0000000796280000, 0x00000007c0000000)
  eden space 7680K, 37% used [0x0000000795580000,0x0000000795856d28,0x0000000795d00000)
  from space 2048K, 77% used [0x0000000795f80000,0x000000079610adf0,0x0000000796180000)
  to   space 2560K, 0% used [0x0000000795d00000,0x0000000795d00000,0x0000000795f80000)
 ParOldGen       total 129536K, used 46579K [0x0000000740000000, 0x0000000747e80000, 0x0000000795580000)
  object space 129536K, 35% used [0x0000000740000000,0x0000000742d7ce48,0x0000000747e80000)
 Metaspace       used 7457K, capacity 7567K, committed 7680K, reserved 1056768K
  class space    used 719K, capacity 754K, committed 768K, reserved 1048576K

Card table byte_map: [0x000000011d384000,0x000000011d785000] byte_map_base: 0x0000000119984000

Marking Bits: (ParMarkBitMap*) 0x000000010d8670a0
 Begin Bits: [0x000000011de3c000, 0x000000011fe3c000)
 End Bits:   [0x000000011fe3c000, 0x0000000121e3c000)

Polling page: 0x000000010c785000

CodeCache: size=245760Kb used=3067Kb max_used=3078Kb free=242693Kb
 bounds [0x000000010dfc4000, 0x000000010e2d4000, 0x000000011cfc4000]
 total_blobs=1232 nmethods=828 adapters=320
 compilation: enabled

Compilation events (10 events):
Event: 16.134 Thread 0x00007fc51406a800 nmethod 823 0x000000010e2c0c50 code [0x000000010e2c0e40, 0x000000010e2c1598]
Event: 16.134 Thread 0x00007fc51406a800  824       3       plugins.quorum.Libraries.Game.Graphics.GraphicsManager::ClearScreen (5 bytes)
Event: 16.135 Thread 0x00007fc51406a800 nmethod 824 0x000000010e2c1b50 code [0x000000010e2c1d40, 0x000000010e2c2438]
Event: 16.135 Thread 0x00007fc51406a800  825   !   3       org.lwjgl.opengl.Display::isCloseRequested (38 bytes)
Event: 16.135 Thread 0x00007fc51406a800 nmethod 825 0x000000010e2c28d0 code [0x000000010e2c2a80, 0x000000010e2c3248]
Event: 16.935 Thread 0x00007fc51406a800  826       3       java.util.IdentityHashMap::isEmpty (13 bytes)
Event: 16.936 Thread 0x00007fc51406a800 nmethod 826 0x000000010e2b7410 code [0x000000010e2b7560, 0x000000010e2b7710]
Event: 16.936 Thread 0x00007fc51406a800  827       3       java.util.HashSet::isEmpty (8 bytes)
Event: 16.936 Thread 0x00007fc51406a800 nmethod 827 0x000000010e2c3590 code [0x000000010e2c3700, 0x000000010e2c3930]
Event: 16.943 Thread 0x00007fc514068000  828       4       java.nio.DirectByteBuffer::put (18 bytes)

GC Heap History (10 events):
Event: 0.201 GC heap before
{Heap before GC invocations=4 (full 0):
 PSYoungGen      total 1536K, used 1514K [0x0000000795580000, 0x0000000795880000, 0x00000007c0000000)
  eden space 1024K, 99% used [0x0000000795580000,0x000000079567e818,0x0000000795680000)
  from space 512K, 96% used [0x0000000795680000,0x00000007956fc010,0x0000000795700000)
  to   space 512K, 0% used [0x0000000795800000,0x0000000795800000,0x0000000795880000)
 ParOldGen       total 129536K, used 346K [0x0000000740000000, 0x0000000747e80000, 0x0000000795580000)
  object space 129536K, 0% used [0x0000000740000000,0x0000000740056bf8,0x0000000747e80000)
 Metaspace       used 3794K, capacity 5368K, committed 5632K, reserved 1056768K
  class space    used 388K, capacity 488K, committed 512K, reserved 1048576K
Event: 0.202 GC heap after
Heap after GC invocations=4 (full 0):
 PSYoungGen      total 2560K, used 487K [0x0000000795580000, 0x0000000795880000, 0x00000007c0000000)
  eden space 2048K, 0% used [0x0000000795580000,0x0000000795580000,0x0000000795780000)
  from space 512K, 95% used [0x0000000795800000,0x0000000795879c78,0x0000000795880000)
  to   space 512K, 0% used [0x0000000795780000,0x0000000795780000,0x0000000795800000)
 ParOldGen       total 129536K, used 640K [0x0000000740000000, 0x0000000747e80000, 0x0000000795580000)
  object space 129536K, 0% used [0x0000000740000000,0x00000007400a00c8,0x0000000747e80000)
 Metaspace       used 3794K, capacity 5368K, committed 5632K, reserved 1056768K
  class space    used 388K, capacity 488K, committed 512K, reserved 1048576K
}
Event: 0.529 GC heap before
{Heap before GC invocations=5 (full 0):
 PSYoungGen      total 2560K, used 2535K [0x0000000795580000, 0x0000000795880000, 0x00000007c0000000)
  eden space 2048K, 99% used [0x0000000795580000,0x000000079577ffb0,0x0000000795780000)
  from space 512K, 95% used [0x0000000795800000,0x0000000795879c78,0x0000000795880000)
  to   space 512K, 0% used [0x0000000795780000,0x0000000795780000,0x0000000795800000)
 ParOldGen       total 129536K, used 640K [0x0000000740000000, 0x0000000747e80000, 0x0000000795580000)
  object space 129536K, 0% used [0x0000000740000000,0x00000007400a00c8,0x0000000747e80000)
 Metaspace       used 5665K, capacity 5828K, committed 6144K, reserved 1056768K
  class space    used 615K, capacity 658K, committed 768K, reserved 1048576K
Event: 0.532 GC heap after
Heap after GC invocations=5 (full 0):
 PSYoungGen      total 2560K, used 512K [0x0000000795580000, 0x0000000795c80000, 0x00000007c0000000)
  eden space 2048K, 0% used [0x0000000795580000,0x0000000795580000,0x0000000795780000)
  from space 512K, 100% used [0x0000000795780000,0x0000000795800000,0x0000000795800000)
  to   space 1536K, 0% used [0x0000000795b00000,0x0000000795b00000,0x0000000795c80000)
 ParOldGen       total 129536K, used 1180K [0x0000000740000000, 0x0000000747e80000, 0x0000000795580000)
  object space 129536K, 0% used [0x0000000740000000,0x0000000740127270,0x0000000747e80000)
 Metaspace       used 5665K, capacity 5828K, committed 6144K, reserved 1056768K
  class space    used 615K, capacity 658K, committed 768K, reserved 1048576K
}
Event: 0.708 GC heap before
{Heap before GC invocations=6 (full 0):
 PSYoungGen      total 2560K, used 2559K [0x0000000795580000, 0x0000000795c80000, 0x00000007c0000000)
  eden space 2048K, 99% used [0x0000000795580000,0x000000079577ff78,0x0000000795780000)
  from space 512K, 100% used [0x0000000795780000,0x0000000795800000,0x0000000795800000)
  to   space 1536K, 0% used [0x0000000795b00000,0x0000000795b00000,0x0000000795c80000)
 ParOldGen       total 129536K, used 1180K [0x0000000740000000, 0x0000000747e80000, 0x0000000795580000)
  object space 129536K, 0% used [0x0000000740000000,0x0000000740127270,0x0000000747e80000)
 Metaspace       used 6485K, capacity 6559K, committed 6912K, reserved 1056768K
  class space    used 644K, capacity 658K, committed 768K, reserved 1048576K
Event: 0.710 GC heap after
Heap after GC invocations=6 (full 0):
 PSYoungGen      total 5632K, used 1130K [0x0000000795580000, 0x0000000795c80000, 0x00000007c0000000)
  eden space 4096K, 0% used [0x0000000795580000,0x0000000795580000,0x0000000795980000)
  from space 1536K, 73% used [0x0000000795b00000,0x0000000795c1aa58,0x0000000795c80000)
  to   space 1536K, 0% used [0x0000000795980000,0x0000000795980000,0x0000000795b00000)
 ParOldGen       total 129536K, used 1188K [0x0000000740000000, 0x0000000747e80000, 0x0000000795580000)
  object space 129536K, 0% used [0x0000000740000000,0x0000000740129270,0x0000000747e80000)
 Metaspace       used 6485K, capacity 6559K, committed 6912K, reserved 1056768K
  class space    used 644K, capacity 658K, committed 768K, reserved 1048576K
}
Event: 0.964 GC heap before
{Heap before GC invocations=7 (full 0):
 PSYoungGen      total 5632K, used 4490K [0x0000000795580000, 0x0000000795c80000, 0x00000007c0000000)
  eden space 4096K, 82% used [0x0000000795580000,0x00000007958c8198,0x0000000795980000)
  from space 1536K, 73% used [0x0000000795b00000,0x0000000795c1aa58,0x0000000795c80000)
  to   space 1536K, 0% used [0x0000000795980000,0x0000000795980000,0x0000000795b00000)
 ParOldGen       total 129536K, used 1188K [0x0000000740000000, 0x0000000747e80000, 0x0000000795580000)
  object space 129536K, 0% used [0x0000000740000000,0x0000000740129270,0x0000000747e80000)
 Metaspace       used 7231K, capacity 7311K, committed 7424K, reserved 1056768K
  class space    used 704K, capacity 754K, committed 768K, reserved 1048576K
Event: 0.968 GC heap after
Heap after GC invocations=7 (full 0):
 PSYoungGen      total 5632K, used 1528K [0x0000000795580000, 0x0000000796180000, 0x00000007c0000000)
  eden space 4096K, 0% used [0x0000000795580000,0x0000000795580000,0x0000000795980000)
  from space 1536K, 99% used [0x0000000795980000,0x0000000795afe1b0,0x0000000795b00000)
  to   space 2048K, 0% used [0x0000000795f80000,0x0000000795f80000,0x0000000796180000)
 ParOldGen       total 129536K, used 1850K [0x0000000740000000, 0x0000000747e80000, 0x0000000795580000)
  object space 129536K, 1% used [0x0000000740000000,0x00000007401ce908,0x0000000747e80000)
 Metaspace       used 7231K, capacity 7311K, committed 7424K, reserved 1056768K
  class space    used 704K, capacity 754K, committed 768K, reserved 1048576K
}
Event: 2.185 GC heap before
{Heap before GC invocations=8 (full 0):
 PSYoungGen      total 5632K, used 5517K [0x0000000795580000, 0x0000000796180000, 0x00000007c0000000)
  eden space 4096K, 97% used [0x0000000795580000,0x0000000795965468,0x0000000795980000)
  from space 1536K, 99% used [0x0000000795980000,0x0000000795afe1b0,0x0000000795b00000)
  to   space 2048K, 0% used [0x0000000795f80000,0x0000000795f80000,0x0000000796180000)
 ParOldGen       total 129536K, used 46499K [0x0000000740000000, 0x0000000747e80000, 0x0000000795580000)
  object space 129536K, 35% used [0x0000000740000000,0x0000000742d68e48,0x0000000747e80000)
 Metaspace       used 7242K, capacity 7375K, committed 7424K, reserved 1056768K
  class space    used 705K, capacity 754K, committed 768K, reserved 1048576K
Event: 2.188 GC heap after
Heap after GC invocations=8 (full 0):
 PSYoungGen      total 9728K, used 1579K [0x0000000795580000, 0x0000000796280000, 0x00000007c0000000)
  eden space 7680K, 0% used [0x0000000795580000,0x0000000795580000,0x0000000795d00000)
  from space 2048K, 77% used [0x0000000795f80000,0x000000079610adf0,0x0000000796180000)
  to   space 2560K, 0% used [0x0000000795d00000,0x0000000795d00000,0x0000000795f80000)
 ParOldGen       total 129536K, used 46579K [0x0000000740000000, 0x0000000747e80000, 0x0000000795580000)
  object space 129536K, 35% used [0x0000000740000000,0x0000000742d7ce48,0x0000000747e80000)
 Metaspace       used 7242K, capacity 7375K, committed 7424K, reserved 1056768K
  class space    used 705K, capacity 754K, committed 768K, reserved 1048576K
}

Deoptimization events (0 events):
No events

Internal exceptions (10 events):
Event: 2.199 Thread 0x00007fc514005000 Exception <a 'java/security/PrivilegedActionException'> (0x00000007956d5ec0) thrown at [/HUDSON3/workspace/8-2-build-macosx-x86_64/jdk8u11/648/hotspot/src/share/vm/prims/jvm.cpp, line 1248]
Event: 2.199 Thread 0x00007fc514005000 Exception <a 'java/security/PrivilegedActionException'> (0x00000007956d9150) thrown at [/HUDSON3/workspace/8-2-build-macosx-x86_64/jdk8u11/648/hotspot/src/share/vm/prims/jvm.cpp, line 1248]
Event: 2.199 Thread 0x00007fc514005000 Exception <a 'java/security/PrivilegedActionException'> (0x00000007956dbc40) thrown at [/HUDSON3/workspace/8-2-build-macosx-x86_64/jdk8u11/648/hotspot/src/share/vm/prims/jvm.cpp, line 1248]
Event: 7.089 Thread 0x00007fc514005000 Exception <a 'java/security/PrivilegedActionException'> (0x000000079576dca0) thrown at [/HUDSON3/workspace/8-2-build-macosx-x86_64/jdk8u11/648/hotspot/src/share/vm/prims/jvm.cpp, line 1248]
Event: 12.690 Thread 0x00007fc514005000 Exception <a 'java/security/PrivilegedActionException'> (0x00000007957ea170) thrown at [/HUDSON3/workspace/8-2-build-macosx-x86_64/jdk8u11/648/hotspot/src/share/vm/prims/jvm.cpp, line 1248]
Event: 12.691 Thread 0x00007fc514005000 Exception <a 'java/security/PrivilegedActionException'> (0x00000007957ed4f0) thrown at [/HUDSON3/workspace/8-2-build-macosx-x86_64/jdk8u11/648/hotspot/src/share/vm/prims/jvm.cpp, line 1248]
Event: 14.856 Thread 0x00007fc514005000 Exception <a 'java/security/PrivilegedActionException'> (0x0000000795806b48) thrown at [/HUDSON3/workspace/8-2-build-macosx-x86_64/jdk8u11/648/hotspot/src/share/vm/prims/jvm.cpp, line 1248]
Event: 14.857 Thread 0x00007fc514005000 Exception <a 'java/security/PrivilegedActionException'> (0x000000079580d1a0) thrown at [/HUDSON3/workspace/8-2-build-macosx-x86_64/jdk8u11/648/hotspot/src/share/vm/prims/jvm.cpp, line 1248]
Event: 14.858 Thread 0x00007fc514005000 Exception <a 'java/security/PrivilegedActionException'> (0x0000000795811270) thrown at [/HUDSON3/workspace/8-2-build-macosx-x86_64/jdk8u11/648/hotspot/src/share/vm/prims/jvm.cpp, line 1248]
Event: 16.942 Thread 0x00007fc514005000 Exception <a 'java/security/PrivilegedActionException'> (0x0000000795848d00) thrown at [/HUDSON3/workspace/8-2-build-macosx-x86_64/jdk8u11/648/hotspot/src/share/vm/prims/jvm.cpp, line 1248]

Events (10 events):
Event: 13.741 Thread 0x00007fc515815800 Thread exited: 0x00007fc515815800
Event: 14.832 Thread 0x00007fc514839800 Thread added: 0x00007fc514839800
Event: 14.856 loading class quorum/Libraries/Interface/Events/MouseEvent
Event: 14.856 loading class quorum/Libraries/Interface/Events/MouseEvent done
Event: 14.856 loading class quorum/Libraries/Interface/Events/MouseEvent_
Event: 14.857 loading class quorum/Libraries/Interface/Events/MouseEvent_ done
Event: 14.858 loading class quorum/Libraries/Containers/Support/ListIterator
Event: 14.858 loading class quorum/Libraries/Containers/Support/ListIterator done
Event: 16.942 loading class org/lwjgl/opengl/CallbackUtil
Event: 16.942 loading class org/lwjgl/opengl/CallbackUtil done


Dynamic libraries:
0x000000000624a000 	/System/Library/Frameworks/Cocoa.framework/Versions/A/Cocoa
0x000000000624a000 	/System/Library/Frameworks/Security.framework/Versions/A/Security
0x000000000624a000 	/System/Library/Frameworks/ApplicationServices.framework/Versions/A/ApplicationServices
0x000000000624a000 	/usr/lib/libz.1.dylib
0x000000000624a000 	/usr/lib/libSystem.B.dylib
0x000000000624a000 	/usr/lib/libobjc.A.dylib
0x000000000624a000 	/System/Library/Frameworks/CoreFoundation.framework/Versions/A/CoreFoundation
0x000000000624a000 	/System/Library/Frameworks/Foundation.framework/Versions/C/Foundation
0x000000000624a000 	/System/Library/Frameworks/AppKit.framework/Versions/C/AppKit
0x000000000624a000 	/System/Library/Frameworks/CoreData.framework/Versions/A/CoreData
0x000000000624a000 	/System/Library/PrivateFrameworks/RemoteViewServices.framework/Versions/A/RemoteViewServices
0x000000000624a000 	/System/Library/Frameworks/AudioToolbox.framework/Versions/A/AudioToolbox
0x000000000624a000 	/System/Library/Frameworks/AudioUnit.framework/Versions/A/AudioUnit
0x000000000624a000 	/System/Library/PrivateFrameworks/DataDetectorsCore.framework/Versions/A/DataDetectorsCore
0x000000000624a000 	/System/Library/PrivateFrameworks/DesktopServicesPriv.framework/Versions/A/DesktopServicesPriv
0x000000000624a000 	/System/Library/Frameworks/Carbon.framework/Versions/A/Frameworks/HIToolbox.framework/Versions/A/HIToolbox
0x000000000624a000 	/System/Library/Frameworks/QuartzCore.framework/Versions/A/QuartzCore
0x000000000624a000 	/System/Library/Frameworks/Carbon.framework/Versions/A/Frameworks/SpeechRecognition.framework/Versions/A/SpeechRecognition
0x000000000624a000 	/usr/lib/libauto.dylib
0x000000000624a000 	/usr/lib/libicucore.A.dylib
0x000000000624a000 	/usr/lib/libxml2.2.dylib
0x000000000624a000 	/System/Library/PrivateFrameworks/CoreUI.framework/Versions/A/CoreUI
0x000000000624a000 	/System/Library/Frameworks/CoreAudio.framework/Versions/A/CoreAudio
0x000000000624a000 	/System/Library/Frameworks/DiskArbitration.framework/Versions/A/DiskArbitration
0x000000000624a000 	/usr/lib/liblangid.dylib
0x000000000624a000 	/System/Library/PrivateFrameworks/MultitouchSupport.framework/Versions/A/MultitouchSupport
0x000000000624a000 	/System/Library/Frameworks/IOKit.framework/Versions/A/IOKit
0x000000000624a000 	/usr/lib/libDiagnosticMessagesClient.dylib
0x000000000624a000 	/System/Library/Frameworks/CoreServices.framework/Versions/A/CoreServices
0x000000000624a000 	/System/Library/PrivateFrameworks/PerformanceAnalysis.framework/Versions/A/PerformanceAnalysis
0x000000000624a000 	/System/Library/PrivateFrameworks/GenerationalStorage.framework/Versions/A/GenerationalStorage
0x000000000624a000 	/System/Library/Frameworks/OpenGL.framework/Versions/A/OpenGL
0x000000000624a000 	/System/Library/PrivateFrameworks/Sharing.framework/Versions/A/Sharing
0x000000000624a000 	/System/Library/Frameworks/ImageIO.framework/Versions/A/ImageIO
0x000000000624a000 	/System/Library/Frameworks/CoreText.framework/Versions/A/CoreText
0x000000000624a000 	/System/Library/Frameworks/CoreGraphics.framework/Versions/A/CoreGraphics
0x000000000624a000 	/System/Library/PrivateFrameworks/Backup.framework/Versions/A/Backup
0x000000000624a000 	/System/Library/Frameworks/CFNetwork.framework/Versions/A/CFNetwork
0x000000000624a000 	/System/Library/Frameworks/SystemConfiguration.framework/Versions/A/SystemConfiguration
0x000000000624a000 	/usr/lib/libCRFSuite.dylib
0x000000000624a000 	/usr/lib/libc++.1.dylib
0x000000000624a000 	/usr/lib/libc++abi.dylib
0x000000000624a000 	/usr/lib/system/libcache.dylib
0x000000000624a000 	/usr/lib/system/libcommonCrypto.dylib
0x000000000624a000 	/usr/lib/system/libcompiler_rt.dylib
0x000000000624a000 	/usr/lib/system/libcopyfile.dylib
0x000000000624a000 	/usr/lib/system/libcorecrypto.dylib
0x000000000624a000 	/usr/lib/system/libdispatch.dylib
0x000000000624a000 	/usr/lib/system/libdyld.dylib
0x000000000624a000 	/usr/lib/system/libkeymgr.dylib
0x000000000624a000 	/usr/lib/system/liblaunch.dylib
0x000000000624a000 	/usr/lib/system/libmacho.dylib
0x000000000624a000 	/usr/lib/system/libquarantine.dylib
0x000000000624a000 	/usr/lib/system/libremovefile.dylib
0x000000000624a000 	/usr/lib/system/libsystem_asl.dylib
0x000000000624a000 	/usr/lib/system/libsystem_blocks.dylib
0x000000000624a000 	/usr/lib/system/libsystem_c.dylib
0x000000000624a000 	/usr/lib/system/libsystem_configuration.dylib
0x000000000624a000 	/usr/lib/system/libsystem_dnssd.dylib
0x000000000624a000 	/usr/lib/system/libsystem_info.dylib
0x000000000624a000 	/usr/lib/system/libsystem_kernel.dylib
0x000000000624a000 	/usr/lib/system/libsystem_m.dylib
0x000000000624a000 	/usr/lib/system/libsystem_malloc.dylib
0x000000000624a000 	/usr/lib/system/libsystem_network.dylib
0x000000000624a000 	/usr/lib/system/libsystem_notify.dylib
0x000000000624a000 	/usr/lib/system/libsystem_platform.dylib
0x000000000624a000 	/usr/lib/system/libsystem_pthread.dylib
0x000000000624a000 	/usr/lib/system/libsystem_sandbox.dylib
0x000000000624a000 	/usr/lib/system/libsystem_stats.dylib
0x000000000624a000 	/usr/lib/system/libunc.dylib
0x000000000624a000 	/usr/lib/system/libunwind.dylib
0x000000000624a000 	/usr/lib/system/libxpc.dylib
0x000000000624a000 	/usr/lib/libbsm.0.dylib
0x000000000624a000 	/usr/lib/libsqlite3.dylib
0x000000000624a000 	/usr/lib/libxar.1.dylib
0x000000000624a000 	/usr/lib/libpam.2.dylib
0x000000000624a000 	/usr/lib/libOpenScriptingUtil.dylib
0x000000000624a000 	/usr/lib/libbz2.1.0.dylib
0x000000000624a000 	/System/Library/Frameworks/CoreServices.framework/Versions/A/Frameworks/CarbonCore.framework/Versions/A/CarbonCore
0x000000000624a000 	/System/Library/Frameworks/CoreServices.framework/Versions/A/Frameworks/Metadata.framework/Versions/A/Metadata
0x000000000624a000 	/System/Library/Frameworks/CoreServices.framework/Versions/A/Frameworks/OSServices.framework/Versions/A/OSServices
0x000000000624a000 	/System/Library/Frameworks/CoreServices.framework/Versions/A/Frameworks/SearchKit.framework/Versions/A/SearchKit
0x000000000624a000 	/System/Library/Frameworks/CoreServices.framework/Versions/A/Frameworks/AE.framework/Versions/A/AE
0x000000000624a000 	/System/Library/Frameworks/CoreServices.framework/Versions/A/Frameworks/LaunchServices.framework/Versions/A/LaunchServices
0x000000000624a000 	/System/Library/Frameworks/CoreServices.framework/Versions/A/Frameworks/DictionaryServices.framework/Versions/A/DictionaryServices
0x000000000624a000 	/System/Library/Frameworks/NetFS.framework/Versions/A/NetFS
0x000000000624a000 	/usr/lib/system/libkxld.dylib
0x000000000624a000 	/System/Library/PrivateFrameworks/NetAuth.framework/Versions/A/NetAuth
0x000000000624a000 	/System/Library/PrivateFrameworks/TCC.framework/Versions/A/TCC
0x000000000624a000 	/System/Library/Frameworks/OpenDirectory.framework/Versions/A/Frameworks/CFOpenDirectory.framework/Versions/A/CFOpenDirectory
0x000000000624a000 	/System/Library/Frameworks/ServiceManagement.framework/Versions/A/ServiceManagement
0x000000000624a000 	/usr/lib/libxslt.1.dylib
0x000000000624a000 	/System/Library/Frameworks/Carbon.framework/Versions/A/Frameworks/Ink.framework/Versions/A/Ink
0x000000000624a000 	/System/Library/Frameworks/ApplicationServices.framework/Versions/A/Frameworks/ATS.framework/Versions/A/ATS
0x000000000624a000 	/System/Library/Frameworks/ApplicationServices.framework/Versions/A/Frameworks/ColorSync.framework/Versions/A/ColorSync
0x000000000624a000 	/System/Library/Frameworks/ApplicationServices.framework/Versions/A/Frameworks/HIServices.framework/Versions/A/HIServices
0x000000000624a000 	/System/Library/Frameworks/ApplicationServices.framework/Versions/A/Frameworks/LangAnalysis.framework/Versions/A/LangAnalysis
0x000000000624a000 	/System/Library/Frameworks/ApplicationServices.framework/Versions/A/Frameworks/PrintCore.framework/Versions/A/PrintCore
0x000000000624a000 	/System/Library/Frameworks/ApplicationServices.framework/Versions/A/Frameworks/QD.framework/Versions/A/QD
0x000000000624a000 	/System/Library/Frameworks/ApplicationServices.framework/Versions/A/Frameworks/SpeechSynthesis.framework/Versions/A/SpeechSynthesis
0x000000000624a000 	/System/Library/Frameworks/IOSurface.framework/Versions/A/IOSurface
0x000000000624a000 	/System/Library/Frameworks/Accelerate.framework/Versions/A/Accelerate
0x000000000624a000 	/System/Library/Frameworks/Accelerate.framework/Versions/A/Frameworks/vImage.framework/Versions/A/vImage
0x000000000624a000 	/System/Library/Frameworks/Accelerate.framework/Versions/A/Frameworks/vecLib.framework/Versions/A/vecLib
0x000000000624a000 	/System/Library/Frameworks/Accelerate.framework/Versions/A/Frameworks/vecLib.framework/Versions/A/libvDSP.dylib
0x000000000624a000 	/System/Library/Frameworks/Accelerate.framework/Versions/A/Frameworks/vecLib.framework/Versions/A/libvMisc.dylib
0x000000000624a000 	/System/Library/Frameworks/Accelerate.framework/Versions/A/Frameworks/vecLib.framework/Versions/A/libLAPACK.dylib
0x000000000624a000 	/System/Library/Frameworks/Accelerate.framework/Versions/A/Frameworks/vecLib.framework/Versions/A/libBLAS.dylib
0x000000000624a000 	/System/Library/Frameworks/ApplicationServices.framework/Versions/A/Frameworks/ATS.framework/Versions/A/Resources/libFontParser.dylib
0x000000000624a000 	/System/Library/Frameworks/ApplicationServices.framework/Versions/A/Frameworks/ATS.framework/Versions/A/Resources/libFontRegistry.dylib
0x000000000624a000 	/System/Library/Frameworks/ImageIO.framework/Versions/A/Resources/libJPEG.dylib
0x000000000624a000 	/System/Library/Frameworks/ImageIO.framework/Versions/A/Resources/libTIFF.dylib
0x000000000624a000 	/System/Library/Frameworks/ImageIO.framework/Versions/A/Resources/libPng.dylib
0x000000000624a000 	/System/Library/Frameworks/ImageIO.framework/Versions/A/Resources/libGIF.dylib
0x000000000624a000 	/System/Library/Frameworks/ImageIO.framework/Versions/A/Resources/libJP2.dylib
0x000000000624a000 	/System/Library/Frameworks/ImageIO.framework/Versions/A/Resources/libRadiance.dylib
0x000000000624a000 	/usr/lib/libcups.2.dylib
0x000000000624a000 	/System/Library/Frameworks/Kerberos.framework/Versions/A/Kerberos
0x000000000624a000 	/System/Library/Frameworks/GSS.framework/Versions/A/GSS
0x000000000624a000 	/usr/lib/libresolv.9.dylib
0x000000000624a000 	/usr/lib/libiconv.2.dylib
0x000000000624a000 	/System/Library/PrivateFrameworks/Heimdal.framework/Versions/A/Heimdal
0x000000000624a000 	/System/Library/PrivateFrameworks/TrustEvaluationAgent.framework/Versions/A/TrustEvaluationAgent
0x000000000624a000 	/usr/lib/libheimdal-asn1.dylib
0x000000000624a000 	/System/Library/Frameworks/OpenDirectory.framework/Versions/A/OpenDirectory
0x000000000624a000 	/System/Library/PrivateFrameworks/CommonAuth.framework/Versions/A/CommonAuth
0x000000000624a000 	/System/Library/Frameworks/SecurityFoundation.framework/Versions/A/SecurityFoundation
0x000000000624a000 	/System/Library/PrivateFrameworks/Bom.framework/Versions/A/Bom
0x000000000624a000 	/System/Library/Frameworks/CoreVideo.framework/Versions/A/CoreVideo
0x000000000624a000 	/System/Library/Frameworks/QuartzCore.framework/Versions/A/Frameworks/CoreImage.framework/Versions/A/CoreImage
0x000000000624a000 	/System/Library/Frameworks/QuartzCore.framework/Versions/A/Frameworks/ScalableUserInterface.framework/Versions/A/ScalableUserInterface
0x000000000624a000 	/System/Library/Frameworks/OpenGL.framework/Versions/A/Libraries/libGLU.dylib
0x000000000624a000 	/System/Library/Frameworks/OpenGL.framework/Versions/A/Libraries/libGFXShared.dylib
0x000000000624a000 	/System/Library/Frameworks/OpenGL.framework/Versions/A/Libraries/libGL.dylib
0x000000000624a000 	/System/Library/Frameworks/OpenGL.framework/Versions/A/Libraries/libGLImage.dylib
0x000000000624a000 	/System/Library/Frameworks/OpenGL.framework/Versions/A/Libraries/libCVMSPluginSupport.dylib
0x000000000624a000 	/System/Library/Frameworks/OpenGL.framework/Versions/A/Libraries/libCoreVMClient.dylib
0x000000000624a000 	/System/Library/PrivateFrameworks/FaceCore.framework/Versions/A/FaceCore
0x000000000624a000 	/System/Library/PrivateFrameworks/CrashReporterSupport.framework/Versions/A/CrashReporterSupport
0x000000000624a000 	/System/Library/Frameworks/OpenCL.framework/Versions/A/OpenCL
0x000000000624a000 	/System/Library/PrivateFrameworks/AppleFSCompression.framework/Versions/A/AppleFSCompression
0x000000000624a000 	/System/Library/PrivateFrameworks/Ubiquity.framework/Versions/A/Ubiquity
0x000000000624a000 	/System/Library/PrivateFrameworks/IconServices.framework/Versions/A/IconServices
0x000000000624a000 	/System/Library/PrivateFrameworks/ChunkingLibrary.framework/Versions/A/ChunkingLibrary
0x000000000624a000 	/System/Library/PrivateFrameworks/CoreSymbolication.framework/Versions/A/CoreSymbolication
0x000000000624a000 	/System/Library/PrivateFrameworks/Symbolication.framework/Versions/A/Symbolication
0x000000000624a000 	/System/Library/PrivateFrameworks/DebugSymbols.framework/Versions/A/DebugSymbols
0x000000010d000000 	/Library/Java/JavaVirtualMachines/jdk1.8.0_11.jdk/Contents/Home/jre/lib/server/libjvm.dylib
0x000000000624a000 	/usr/lib/libstdc++.6.dylib
0x000000010c743000 	/Library/Java/JavaVirtualMachines/jdk1.8.0_11.jdk/Contents/Home/jre/lib/libverify.dylib
0x000000010c751000 	/Library/Java/JavaVirtualMachines/jdk1.8.0_11.jdk/Contents/Home/jre/lib/libjava.dylib
0x000000010c78f000 	/Library/Java/JavaVirtualMachines/jdk1.8.0_11.jdk/Contents/Home/jre/lib/libzip.dylib
0x0000000123fa8000 	/System/Library/Frameworks/JavaVM.framework/Frameworks/JavaRuntimeSupport.framework/JavaRuntimeSupport
0x0000000123fc0000 	/System/Library/Frameworks/JavaVM.framework/Versions/A/Frameworks/JavaNativeFoundation.framework/Versions/A/JavaNativeFoundation
0x0000000123fd4000 	/System/Library/Frameworks/JavaVM.framework/Versions/A/JavaVM
0x000000000624a000 	/System/Library/Frameworks/Carbon.framework/Versions/A/Carbon
0x0000000123fe0000 	/System/Library/PrivateFrameworks/JavaLaunching.framework/Versions/A/JavaLaunching
0x000000000624a000 	/System/Library/Frameworks/Carbon.framework/Versions/A/Frameworks/CommonPanels.framework/Versions/A/CommonPanels
0x000000000624a000 	/System/Library/Frameworks/Carbon.framework/Versions/A/Frameworks/Help.framework/Versions/A/Help
0x000000000624a000 	/System/Library/Frameworks/Carbon.framework/Versions/A/Frameworks/ImageCapture.framework/Versions/A/ImageCapture
0x000000000624a000 	/System/Library/Frameworks/Carbon.framework/Versions/A/Frameworks/OpenScripting.framework/Versions/A/OpenScripting
0x000000000624a000 	/System/Library/Frameworks/Carbon.framework/Versions/A/Frameworks/Print.framework/Versions/A/Print
0x000000000624a000 	/System/Library/Frameworks/Carbon.framework/Versions/A/Frameworks/SecurityHI.framework/Versions/A/SecurityHI
0x0000000124724000 	/Users/kinam/Desktop/Quorum Projects/Ko Instruction 2015-2016/AudioGame-Shooting-Mod2/Run/jni/libGameEngineCPlugins.so
0x0000000124774000 	/Users/kinam/Desktop/Quorum Projects/Ko Instruction 2015-2016/AudioGame-Shooting-Mod2/Run/jni/libfreetype.dylib
0x0000000124831000 	/Library/Java/JavaVirtualMachines/jdk1.8.0_11.jdk/Contents/Home/jre/lib/libawt.dylib
0x00000001248e0000 	/Library/Java/JavaVirtualMachines/jdk1.8.0_11.jdk/Contents/Home/jre/lib/./libmlib_image.dylib
0x00000001249ac000 	/Library/Java/JavaVirtualMachines/jdk1.8.0_11.jdk/Contents/Home/jre/lib/libawt_lwawt.dylib
0x0000000124a5e000 	/Library/Java/JavaVirtualMachines/jdk1.8.0_11.jdk/Contents/Home/jre/lib/./libosxapp.dylib
0x000000000624a000 	/System/Library/Frameworks/ExceptionHandling.framework/Versions/A/ExceptionHandling
0x000000000624a000 	/System/Library/PrivateFrameworks/CoreServicesInternal.framework/Versions/A/CoreServicesInternal
0x000000000624a000 	/System/Library/PrivateFrameworks/Librarian.framework/Versions/A/Librarian
0x0000000126345000 	/System/Library/Frameworks/CoreGraphics.framework/Versions/A/Resources/libCGCMS.A.dylib
0x0000000126356000 	/System/Library/Frameworks/CoreGraphics.framework/Versions/A/Resources/libRIP.A.dylib
0x00000001263a6000 	/System/Library/Frameworks/CoreGraphics.framework/Versions/A/Resources/libCGXType.A.dylib
0x000000000624a000 	/System/Library/PrivateFrameworks/FamilyControls.framework/Versions/A/FamilyControls
0x000000000624a000 	/System/Library/PrivateFrameworks/CommerceKit.framework/Versions/A/Frameworks/CommerceCore.framework/Versions/A/CommerceCore
0x000000000624a000 	/System/Library/PrivateFrameworks/SystemAdministration.framework/Versions/A/SystemAdministration
0x000000000624a000 	/System/Library/Frameworks/DirectoryService.framework/Versions/A/DirectoryService
0x000000000624a000 	/System/Library/PrivateFrameworks/DiskImages.framework/Versions/A/DiskImages
0x000000000624a000 	/System/Library/PrivateFrameworks/LoginUIKit.framework/Versions/A/Frameworks/LoginUICore.framework/Versions/A/LoginUICore
0x000000000624a000 	/usr/lib/libCoreStorage.dylib
0x000000000624a000 	/usr/lib/libcsfde.dylib
0x000000000624a000 	/usr/lib/libodfde.dylib
0x000000000624a000 	/System/Library/Frameworks/DiscRecording.framework/Versions/A/DiscRecording
0x000000000624a000 	/usr/lib/libcurl.4.dylib
0x000000000624a000 	/System/Library/PrivateFrameworks/MediaKit.framework/Versions/A/MediaKit
0x000000000624a000 	/System/Library/PrivateFrameworks/EFILogin.framework/Versions/A/EFILogin
0x000000000624a000 	/usr/lib/libutil.dylib
0x000000000624a000 	/System/Library/PrivateFrameworks/AOSNotification.framework/Versions/A/AOSNotification
0x000000000624a000 	/System/Library/Frameworks/LDAP.framework/Versions/A/LDAP
0x000000000624a000 	/usr/lib/libsasl2.2.dylib
0x000000000624a000 	/usr/lib/libcrypto.0.9.8.dylib
0x000000000624a000 	/usr/lib/libssl.0.9.8.dylib
0x0000000128c04000 	/Library/Java/JavaVirtualMachines/jdk1.8.0_11.jdk/Contents/Home/jre/lib/libfontmanager.dylib
0x0000000128c6a000 	/Users/kinam/Desktop/Quorum Projects/Ko Instruction 2015-2016/AudioGame-Shooting-Mod2/Run/jni/liblwjgl.dylib
0x00000001263c0000 	/Library/Java/JavaVirtualMachines/jdk1.8.0_11.jdk/Contents/Home/jre/lib/libjawt.dylib
0x0000000128cec000 	/System/Library/Frameworks/OpenGL.framework/Resources/GLEngine.bundle/GLEngine
0x000000000624a000 	/System/Library/Frameworks/OpenGL.framework/Versions/A/Libraries/libGLProgrammability.dylib
0x0000000128ec8000 	/System/Library/Extensions/AppleIntelHD5000GraphicsGLDriver.bundle/Contents/MacOS/AppleIntelHD5000GraphicsGLDriver
0x000000000624a000 	/System/Library/PrivateFrameworks/IOAccelerator.framework/Versions/A/IOAccelerator
0x000000000624a000 	/System/Library/PrivateFrameworks/GPUSupport.framework/Versions/A/Libraries/libGPUSupportMercury.dylib
0x00000001263c7000 	/System/Library/Frameworks/OpenGL.framework/Resources//GLRendererFloat.bundle/GLRendererFloat
0x000000000624a000 	/System/Library/Frameworks/OpenCL.framework/Versions/A/Libraries/libcldcpuengine.dylib
0x000000012a42a000 	/Users/kinam/Desktop/Quorum Projects/Ko Instruction 2015-2016/AudioGame-Shooting-Mod2/Run/jni/openal.dylib
0x000000012a486000 	/System/Library/Components/CoreAudio.component/Contents/MacOS/CoreAudio
0x000000012a702000 	/System/Library/Extensions/AppleHDA.kext/Contents/PlugIns/AppleHDAHALPlugIn.bundle/Contents/MacOS/AppleHDAHALPlugIn

VM Arguments:
jvm_args: -Dsodbeans=1 
java_command: Run/Default.jar
java_class_path (initial): Run/Default.jar
Launcher Type: SUN_STANDARD

Environment Variables:
PATH=/usr/bin:/bin:/usr/sbin:/sbin
LD_LIBRARY_PATH=/Library/Java/JavaVirtualMachines/jdk1.8.0_11.jdk/Contents/Home/jre/lib/amd64:/Library/Java/JavaVirtualMachines/jdk1.8.0_11.jdk/Contents/Home/jre/lib/i386:
SHELL=/bin/bash
DYLD_LIBRARY_PATH=/Applications/NetBeans/NetBeans 8.0.2.app/Contents/Resources/NetBeans/webcommon/bin:

Signal Handlers:
SIGSEGV: [libjvm.dylib+0x56059b], sa_mask[0]=0xfffefeff, sa_flags=0x00000043
SIGBUS: [libjvm.dylib+0x56059b], sa_mask[0]=0xfffefeff, sa_flags=0x00000042
SIGFPE: [libjvm.dylib+0x4438f2], sa_mask[0]=0xfffefeff, sa_flags=0x00000042
SIGPIPE: [libjvm.dylib+0x4438f2], sa_mask[0]=0xfffefeff, sa_flags=0x00000042
SIGXFSZ: [libjvm.dylib+0x4438f2], sa_mask[0]=0xfffefeff, sa_flags=0x00000042
SIGILL: [libjvm.dylib+0x4438f2], sa_mask[0]=0xfffefeff, sa_flags=0x00000042
SIGUSR1: SIG_DFL, sa_mask[0]=0x00000000, sa_flags=0x00000002
SIGUSR2: [libjvm.dylib+0x443410], sa_mask[0]=0x00000004, sa_flags=0x00000042
SIGHUP: [libjvm.dylib+0x44179b], sa_mask[0]=0xfffefeff, sa_flags=0x00000042
SIGINT: SIG_IGN, sa_mask[0]=0x00000000, sa_flags=0x00000000
SIGTERM: [libjvm.dylib+0x44179b], sa_mask[0]=0xfffefeff, sa_flags=0x00000042
SIGQUIT: [libjvm.dylib+0x44179b], sa_mask[0]=0xfffefeff, sa_flags=0x00000042


---------------  S Y S T E M  ---------------

OS:Bsduname:Darwin 13.4.0 Darwin Kernel Version 13.4.0: Wed Mar 18 16:20:14 PDT 2015; root:xnu-2422.115.14~1/RELEASE_X86_64 x86_64
rlimit: STACK 8192k, CORE 0k, NPROC 709, NOFILE 10240, AS infinity
load average:1.36 1.49 1.41

CPU:total 4 (2 cores per cpu, 2 threads per core) family 6 model 69 stepping 1, cmov, cx8, fxsr, mmx, sse, sse2, sse3, ssse3, sse4.1, sse4.2, popcnt, avx, avx2, aes, clmul, erms, ht, tsc, tscinvbit

Memory: 4k page, physical 8388608k(96096k free)

/proc/meminfo:


vm_info: Java HotSpot(TM) 64-Bit Server VM (25.11-b03) for bsd-amd64 JRE (1.8.0_11-b12), built on Jun 16 2014 17:39:42 by "java_re" with gcc 4.2.1 (Based on Apple Inc. build 5658) (LLVM build 2336.11.00)

time: Sun Feb 14 15:09:12 2016
elapsed time: 16 seconds

